2022-07-01 09:47:52,398 - MainProcess - Main       - ERROR    - Im error
2022-07-01 09:53:41,180 - MainProcess - Main       - ERROR    - Im error
2022-07-01 09:56:10,065 - MainProcess - Main       - ERROR    - 
2022-07-01 11:08:55,160 - MainProcess - Main       - ERROR    - 
2022-07-21 09:05:00,860 - MainProcess - Main       - ERROR    - admin_panel_start() missing 1 required positional argument: 'bot'
2022-07-21 09:08:40,289 - MainProcess - Main       - ERROR    - admin_panel_start() missing 1 required positional argument: 'bot'
2022-07-21 09:09:52,962 - MainProcess - Main       - ERROR    - admin_panel_start() missing 1 required positional argument: 'bot'
2022-07-21 09:15:55,116 - MainProcess - Main       - ERROR    - admin_panel_start() missing 2 required positional arguments: 'logger' and 'bot'
2022-07-21 09:16:21,147 - MainProcess - Main       - ERROR    - admin_panel_start() missing 2 required positional arguments: 'logger' and 'bot'
2022-07-21 09:26:13,557 - MainProcess - Main       - ERROR    - admin_panel_start() missing 2 required positional arguments: 'logger' and 'bot'
2022-07-21 11:27:50,609 - MainProcess - Main       - ERROR    - 'str' object has no attribute 'startstwith'
2022-07-21 11:28:52,875 - MainProcess - Main       - ERROR    - module 'tgbot.misc.misclogic.admin_panel' has no attribute 'take_users_content'
2022-07-21 11:29:21,721 - MainProcess - Main       - ERROR    - module 'tgbot.keyboards' has no attribute 'get_users_panel_keyboard'
2022-07-21 13:05:46,301 - MainProcess - Main       - ERROR    - take_stats_content() missing 1 required positional argument: 'user_tables'
2022-07-21 13:07:25,674 - MainProcess - Main       - ERROR    - Expected bytes or unicode string, got type instead
2022-07-21 13:08:24,451 - MainProcess - Main       - ERROR    - 'int' object does not support indexing
2022-07-21 13:08:59,704 - MainProcess - Main       - ERROR    - operator does not exist: text = integer
LINE 1: SELECT reg_date FROM users WHERE user_id = 1344493803
                                                 ^
HINT:  No operator matches the given name and argument types. You might need to add explicit type casts.

2022-07-21 13:12:21,203 - MainProcess - Main       - ERROR    - operator does not exist: text = integer
LINE 1: SELECT reg_date FROM users WHERE user_id = 1344493803
                                                 ^
HINT:  No operator matches the given name and argument types. You might need to add explicit type casts.

2022-07-21 13:36:37,392 - MainProcess - Main       - ERROR    - 'NoneType' object is not subscriptable
2022-07-21 14:02:21,381 - MainProcess - Main       - ERROR    - 'UserTables' object has no attribute 'take_regs_number_today'
2022-07-21 14:02:47,378 - MainProcess - Main       - ERROR    - 'NoneType' object has no attribute 'info'
2022-07-21 14:16:17,459 - MainProcess - Main       - ERROR    - 'module' object is not callable
2022-07-21 14:22:14,381 - MainProcess - Main       - ERROR    - unsupported operand type(s) for -: 'str' and 'datetime.timedelta'
2022-07-21 14:22:56,163 - MainProcess - Main       - ERROR    - '<=' not supported between instances of 'str' and 'datetime.datetime'
2022-07-22 06:10:34,958 - MainProcess - Main       - ERROR    - name 'reg' is not defined
2022-07-22 06:11:18,350 - MainProcess - Main       - ERROR    - 'list' object has no attribute 'items'
2022-07-22 06:11:50,191 - MainProcess - Main       - ERROR    - 'str' object has no attribute 'isEnabledFor'
2022-07-22 06:13:24,775 - MainProcess - Main       - ERROR    - 'str' object has no attribute 'isEnabledFor'
2022-07-22 10:00:13,244 - MainProcess - Main       - ERROR    - 'BotStatistic' object has no attribute 'regs_number_day'
2022-07-24 08:49:50,579 - MainProcess - Main       - ERROR    - 'BotStatistic' object has no attribute 'regs_number_month'
2022-07-24 09:07:31,813 - MainProcess - Main       - ERROR    - name 'pytz' is not defined
2022-07-24 09:10:56,708 - MainProcess - Main       - ERROR    - info() missing 1 required positional argument: 'msg'
2022-07-24 09:54:26,336 - MainProcess - Main       - ERROR    - <Logger Main (DEBUG)>
2022-07-24 10:36:15,111 - MainProcess - Main       - ERROR    - <Logger Main (DEBUG)>
2022-07-24 10:36:58,587 - MainProcess - Main       - ERROR    - '<' not supported between instances of 'NoneType' and 'NoneType'
2022-07-24 11:02:18,986 - MainProcess - Main       - ERROR    - 'BotStatistic' object has no attribute 'last_users'
2022-07-24 11:03:11,498 - MainProcess - Main       - ERROR    - 'datetime.datetime' object is not subscriptable
2022-07-24 11:03:35,990 - MainProcess - Main       - ERROR    - 'str(reg_date)'
2022-07-24 11:07:21,191 - MainProcess - Main       - ERROR    - 'datetime.datetime' object has no attribute 'strftime("%m-%d %H-%M")'
2022-07-24 11:36:14,075 - MainProcess - Main       - ERROR    - name 'ligger' is not defined
